<<<<<<< HEAD
08/25/2024 12:04:26 - main_files.decorator.decorator_func - INFO - Function execute: args: (<main_files.database.db_setting.Database object at 0x0000024ED8E704D0>, '\n        CREATE TABLE IF NOT EXISTS USERS (\n        ID SERIAL PRIMARY KEY,\n        FIRSTNAME VARCHAR(255) NOT NULL,\n        LASTNAME VARCHAR(255) NOT NULL,\n        EMAIL VARCHAR(255) NOT NULL UNIQUE,\n        PASSWORD VARCHAR(256) NOT NULL,\n        IS_LOGIN BOOLEAN DEFAULT FALSE,\n        CREATED_AT TIMESTAMP NOT NULL DEFAULT CURRENT_TIMESTAMP\n        );\n        ') kwargs: {}, result: None executed successfully.
08/25/2024 12:04:26 - main_files.decorator.decorator_func - INFO - Function create_user_table: args: (<page.auth.auth.Auth object at 0x0000024ED8E61C50>,) kwargs: {}, result: True executed successfully.
08/25/2024 12:04:29 - main_files.decorator.decorator_func - INFO - Function execute: args: (<main_files.database.db_setting.Database object at 0x0000024ED8E704D0>, 'UPDATE users SET IS_LOGIN=FALSE;') kwargs: {}, result: None executed successfully.
08/25/2024 12:04:29 - main_files.decorator.decorator_func - INFO - Function logout: args: (<page.auth.auth.Auth object at 0x0000024ED8E61C50>,) kwargs: {}, result: True executed successfully.
08/25/2024 12:28:10 - main_files.decorator.decorator_func - ERROR - Function auth_menu: [Errno 22] Invalid argument
Traceback (most recent call last):
  File "c:\Jobir n\car_dealership\main.py", line 49, in auth_menu
    user_input: int = int(input("Choose menu: "))
                          ^^^^^^^^^^^^^^^^^^^^^^
EOFError: EOF when reading a line

During handling of the above exception, another exception occurred:

Traceback (most recent call last):
  File "c:\Jobir n\car_dealership\main_files\decorator\decorator_func.py", line 21, in wrapper
    result = func(*args, **kwargs)
             ^^^^^^^^^^^^^^^^^^^^^
  File "c:\Jobir n\car_dealership\main.py", line 59, in auth_menu
    print(f'Error: {e}')
OSError: [Errno 22] Invalid argument
datetime.datetime(2024, 8, 25, 6, 28)] executed successfully.
08/25/2024 12:05:01 - main_files.decorator.decorator_func - INFO - Function execute: args: (<main_files.database.db_setting.Database object at 0x0000024ED8E704D0>, 'UPDATE users SET IS_LOGIN=%s WHERE EMAIL=%s;', (True, 'ahmedovj5016@gmail.com')) kwargs: {}, result: None executed successfully.
08/25/2024 12:05:01 - main_files.decorator.decorator_func - INFO - Function login: args: (<page.auth.auth.Auth object at 0x0000024ED8E61C50>,) kwargs: {}, result: True executed successfully.
08/25/2024 12:05:01 - main_files.decorator.decorator_func - INFO - Function auth_menu: args: () kwargs: {}, result: None executed successfully.
=======
<<<<<<< HEAD
<<<<<<< HEAD
08/24/2024 13:45:23 - main_files.decorator.decorator_func - INFO - Function execute: args: (<main_files.database.db_setting.Database object at 0x0000013C9F069510>, '\n        CREATE TABLE IF NOT EXISTS USERS (\n        ID SERIAL PRIMARY KEY,\n        FIRSTNAME VARCHAR(255) NOT NULL,\n        LASTNAME VARCHAR(255) NOT NULL,\n        EMAIL VARCHAR(255) NOT NULL UNIQUE,\n        PASSWORD VARCHAR(256) NOT NULL,\n        IS_LOGIN BOOLEAN DEFAULT FALSE,\n        CREATED_AT TIMESTAMP NOT NULL DEFAULT CURRENT_TIMESTAMP\n        );\n        ') kwargs: {}, result: None executed successfully.
08/24/2024 13:45:23 - main_files.decorator.decorator_func - INFO - Function create_user_table: args: (<page.auth.auth.Auth object at 0x0000013C9F081390>,) kwargs: {}, result: True executed successfully.
08/24/2024 13:45:26 - main_files.decorator.decorator_func - INFO - Function execute: args: (<main_files.database.db_setting.Database object at 0x0000013C9F069510>, 'UPDATE users SET IS_LOGIN=FALSE;') kwargs: {}, result: None executed successfully.
08/24/2024 13:45:26 - main_files.decorator.decorator_func - INFO - Function logout: args: (<page.auth.auth.Auth object at 0x0000013C9F081390>,) kwargs: {}, result: True executed successfully.
=======
08/24/2024 15:56:23 - main_files.decorator.decorator_func - INFO - Function execute: args: (<main_files.database.db_setting.Database object at 0x000001F3760876E0>,) kwargs: {'query': 'SELECT * FROM filials'}, result: None executed successfully.
08/24/2024 15:56:23 - main_files.decorator.decorator_func - ERROR - Function show_all_filial: 'NoneType' object is not iterable
Traceback (most recent call last):
  File "C:\Users\ahmed\Documents\Najot\month_5\car_dealership\main_files\decorator\decorator_func.py", line 21, in wrapper
    result = func(*args, **kwargs)
             ^^^^^^^^^^^^^^^^^^^^^
  File "C:\Users\ahmed\Documents\Najot\month_5\car_dealership\role\super_admin\sup_admin.py", line 79, in show_all_filial
    for filial in filials:
TypeError: 'NoneType' object is not iterable
08/24/2024 15:56:24 - main_files.decorator.decorator_func - INFO - Function execute: args: (<main_files.database.db_setting.Database object at 0x000001F376086F30>, '\n        CREATE TABLE IF NOT EXISTS USERS (\n        ID SERIAL PRIMARY KEY,\n        FIRSTNAME VARCHAR(255) NOT NULL,\n        LASTNAME VARCHAR(255) NOT NULL,\n        EMAIL VARCHAR(255) NOT NULL UNIQUE,\n        PASSWORD VARCHAR(256) NOT NULL,\n        IS_LOGIN BOOLEAN DEFAULT FALSE,\n        CREATED_AT TIMESTAMP NOT NULL DEFAULT CURRENT_TIMESTAMP\n        );\n        ') kwargs: {}, result: None executed successfully.
08/24/2024 15:56:24 - main_files.decorator.decorator_func - INFO - Function create_user_table: args: (<page.auth.auth.Auth object at 0x000001F3744EE0C0>,) kwargs: {}, result: True executed successfully.
08/24/2024 15:56:27 - main_files.decorator.decorator_func - INFO - Function execute: args: (<main_files.database.db_setting.Database object at 0x000001F376086F30>, 'UPDATE users SET IS_LOGIN=FALSE;') kwargs: {}, result: None executed successfully.
08/24/2024 15:56:27 - main_files.decorator.decorator_func - INFO - Function logout: args: (<page.auth.auth.Auth object at 0x000001F3744EE0C0>,) kwargs: {}, result: True executed successfully.
>>>>>>> 5f646f852bdaeca24290ae2b22c0c0f2ba829079
=======
08/25/2024 12:11:32 - main_files.decorator.decorator_func - INFO - Function execute: args: (<main_files.database.db_setting.Database object at 0x0000016C77673AD0>, '\n        CREATE TABLE IF NOT EXISTS USERS (\n        ID SERIAL PRIMARY KEY,\n        FIRSTNAME VARCHAR(255) NOT NULL,\n        LASTNAME VARCHAR(255) NOT NULL,\n        EMAIL VARCHAR(255) NOT NULL UNIQUE,\n        PASSWORD VARCHAR(256) NOT NULL,\n        IS_LOGIN BOOLEAN DEFAULT FALSE,\n        CREATED_AT TIMESTAMP NOT NULL DEFAULT CURRENT_TIMESTAMP\n        );\n        ') kwargs: {}, result: None executed successfully.
08/25/2024 12:11:32 - main_files.decorator.decorator_func - INFO - Function create_user_table: args: (<page.auth.auth.Auth object at 0x0000016C77673AA0>,) kwargs: {}, result: True executed successfully.
08/25/2024 12:11:34 - main_files.decorator.decorator_func - INFO - Function execute: args: (<main_files.database.db_setting.Database object at 0x0000016C77673AD0>, 'UPDATE users SET IS_LOGIN=FALSE;') kwargs: {}, result: None executed successfully.
08/25/2024 12:11:34 - main_files.decorator.decorator_func - INFO - Function logout: args: (<page.auth.auth.Auth object at 0x0000016C77673AA0>,) kwargs: {}, result: True executed successfully.
08/25/2024 12:11:35 - main_files.decorator.decorator_func - INFO - Function execute: args: (<main_files.database.db_setting.Database object at 0x0000016C776980E0>, "\n            CREATE TABLE IF NOT EXISTS manager (\n                id SERIAL PRIMARY KEY,\n                name VARCHAR(255) NOT NULL,\n                email VARCHAR(255) UNIQUE NOT NULL,\n                phone_number VARCHAR(255) UNIQUE NOT NULL,\n                password VARCHAR(255) UNIQUE NOT NULL,\n                status BOOLEAN DEFAULT False NOT NULL,\n                filial_id INTEGER REFERENCES filials(id),\n                created_at TIMESTAMP DEFAULT DATE_TRUNC('minute', NOW())\n            )\n        ") kwargs: {}, result: None executed successfully.
08/25/2024 12:11:35 - main_files.decorator.decorator_func - INFO - Function create_manager_table: args: (<role.super_admin.manager.Manager object at 0x0000016C77698170>,) kwargs: {}, result: None executed successfully.
08/25/2024 12:11:58 - main_files.decorator.decorator_func - INFO - Function add_manager: args: (<role.super_admin.manager.Manager object at 0x0000016C77698170>,) kwargs: {}, result: None executed successfully.
08/25/2024 12:12:00 - main_files.decorator.decorator_func - INFO - Function execute: args: (<main_files.database.db_setting.Database object at 0x0000016C77698260>, '\n        INSERT INTO manager (name, email, phone_number, password, filial_id) \n        VALUES (%s, %s, %s, %s, %s);\n        ', ('Jasur', 'ahmedovj5016@gmail.com', '941964888', 'a8e0c3c8e84f48cbe3b1520723cbf713dfeeb69aa092a988a788af51150bbe25', '1')) kwargs: {}, result: None executed successfully.
08/25/2024 12:12:00 - main_files.decorator.decorator_func - INFO - Function execute_query: args: ('\n        INSERT INTO manager (name, email, phone_number, password, filial_id) \n        VALUES (%s, %s, %s, %s, %s);\n        ', ('Jasur', 'ahmedovj5016@gmail.com', '941964888', 'a8e0c3c8e84f48cbe3b1520723cbf713dfeeb69aa092a988a788af51150bbe25', '1')) kwargs: {}, result: None executed successfully.
08/25/2024 12:12:34 - main_files.decorator.decorator_func - INFO - Function fetchall: args: (<main_files.database.db_setting.Database object at 0x0000016C77673F20>, 'SELECT * FROM manager;', None) kwargs: {}, result: [[1, 'Jasur', 'ahmedovj5016@gmail.com', '941964888', 'a8e0c3c8e84f48cbe3b1520723cbf713dfeeb69aa092a988a788af51150bbe25', False, 1, datetime.datetime(2024, 8, 25, 7, 11)]] executed successfully.
08/25/2024 12:12:34 - main_files.decorator.decorator_func - INFO - Function execute_query: args: ('SELECT * FROM manager;',) kwargs: {'fetch': 'all'}, result: [[1, 'Jasur', 'ahmedovj5016@gmail.com', '941964888', 'a8e0c3c8e84f48cbe3b1520723cbf713dfeeb69aa092a988a788af51150bbe25', False, 1, datetime.datetime(2024, 8, 25, 7, 11)]] executed successfully.
08/25/2024 12:12:34 - main_files.decorator.decorator_func - INFO - Function show_all_managers: args: (<role.super_admin.manager.Manager object at 0x0000016C77673F50>,) kwargs: {}, result: None executed successfully.
>>>>>>> c2cadf0645a1555d6cb8eaa539bff834546085ae
>>>>>>> 624fe575941b1f9b610ecce4b9bf9a00ee2b1c78
