08/25/2024 12:04:26 - main_files.decorator.decorator_func - INFO - Function execute: args: (<main_files.database.db_setting.Database object at 0x0000024ED8E704D0>, '\n        CREATE TABLE IF NOT EXISTS USERS (\n        ID SERIAL PRIMARY KEY,\n        FIRSTNAME VARCHAR(255) NOT NULL,\n        LASTNAME VARCHAR(255) NOT NULL,\n        EMAIL VARCHAR(255) NOT NULL UNIQUE,\n        PASSWORD VARCHAR(256) NOT NULL,\n        IS_LOGIN BOOLEAN DEFAULT FALSE,\n        CREATED_AT TIMESTAMP NOT NULL DEFAULT CURRENT_TIMESTAMP\n        );\n        ') kwargs: {}, result: None executed successfully.
08/25/2024 12:04:26 - main_files.decorator.decorator_func - INFO - Function create_user_table: args: (<page.auth.auth.Auth object at 0x0000024ED8E61C50>,) kwargs: {}, result: True executed successfully.
08/25/2024 12:04:29 - main_files.decorator.decorator_func - INFO - Function execute: args: (<main_files.database.db_setting.Database object at 0x0000024ED8E704D0>, 'UPDATE users SET IS_LOGIN=FALSE;') kwargs: {}, result: None executed successfully.
08/25/2024 12:04:29 - main_files.decorator.decorator_func - INFO - Function logout: args: (<page.auth.auth.Auth object at 0x0000024ED8E61C50>,) kwargs: {}, result: True executed successfully.
08/25/2024 12:28:10 - main_files.decorator.decorator_func - ERROR - Function auth_menu: [Errno 22] Invalid argument
Traceback (most recent call last):
  File "c:\Jobir n\car_dealership\main.py", line 49, in auth_menu
    user_input: int = int(input("Choose menu: "))
                          ^^^^^^^^^^^^^^^^^^^^^^
EOFError: EOF when reading a line

During handling of the above exception, another exception occurred:

Traceback (most recent call last):
  File "c:\Jobir n\car_dealership\main_files\decorator\decorator_func.py", line 21, in wrapper
    result = func(*args, **kwargs)
             ^^^^^^^^^^^^^^^^^^^^^
  File "c:\Jobir n\car_dealership\main.py", line 59, in auth_menu
    print(f'Error: {e}')
OSError: [Errno 22] Invalid argument
datetime.datetime(2024, 8, 25, 6, 28)] executed successfully.
08/25/2024 12:05:01 - main_files.decorator.decorator_func - INFO - Function execute: args: (<main_files.database.db_setting.Database object at 0x0000024ED8E704D0>, 'UPDATE users SET IS_LOGIN=%s WHERE EMAIL=%s;', (True, 'ahmedovj5016@gmail.com')) kwargs: {}, result: None executed successfully.
08/25/2024 12:05:01 - main_files.decorator.decorator_func - INFO - Function login: args: (<page.auth.auth.Auth object at 0x0000024ED8E61C50>,) kwargs: {}, result: True executed successfully.
08/25/2024 12:05:01 - main_files.decorator.decorator_func - INFO - Function auth_menu: args: () kwargs: {}, result: None executed successfully.
